Unity Editor version:    2022.3.6f1 (b9e6e7e9fa2d)
Branch:                  2022.3/staging
Build type:              Release
Batch mode:              YES
macOS version:           Version 13.5 (Build 22G74)
Darwin version:          22.6.0
Architecture:            x86_64
Running under Rosetta:   NO
Available memory:        32768 MB
Using pre-set license
Pro License: YES

COMMAND LINE ARGUMENTS:
/Applications/Unity/Hub/Editor/2022.3.6f1/Unity.app/Contents/MacOS/Unity
-adb2
-batchMode
-noUpm
-name
AssetImportWorker1
-projectPath
/Users/user/Desktop/meta 1st/Taxi Guy Built-in
-logFile
Logs/AssetImportWorker1.log
-srvPort
49547
Successfully changed project path to: /Users/user/Desktop/meta 1st/Taxi Guy Built-in
/Users/user/Desktop/meta 1st/Taxi Guy Built-in
[UnityMemory] Configuration Parameters - Can be set up in boot.config
    "memorysetup-bucket-allocator-granularity=16"
    "memorysetup-bucket-allocator-bucket-count=8"
    "memorysetup-bucket-allocator-block-size=33554432"
    "memorysetup-bucket-allocator-block-count=8"
    "memorysetup-main-allocator-block-size=16777216"
    "memorysetup-thread-allocator-block-size=16777216"
    "memorysetup-gfx-main-allocator-block-size=16777216"
    "memorysetup-gfx-thread-allocator-block-size=16777216"
    "memorysetup-cache-allocator-block-size=4194304"
    "memorysetup-typetree-allocator-block-size=2097152"
    "memorysetup-profiler-bucket-allocator-granularity=16"
    "memorysetup-profiler-bucket-allocator-bucket-count=8"
    "memorysetup-profiler-bucket-allocator-block-size=33554432"
    "memorysetup-profiler-bucket-allocator-block-count=8"
    "memorysetup-profiler-allocator-block-size=16777216"
    "memorysetup-profiler-editor-allocator-block-size=1048576"
    "memorysetup-temp-allocator-size-main=16777216"
    "memorysetup-job-temp-allocator-block-size=2097152"
    "memorysetup-job-temp-allocator-block-size-background=1048576"
    "memorysetup-job-temp-allocator-reduction-small-platforms=262144"
    "memorysetup-allocator-temp-initial-block-size-main=262144"
    "memorysetup-allocator-temp-initial-block-size-worker=262144"
    "memorysetup-temp-allocator-size-background-worker=32768"
    "memorysetup-temp-allocator-size-job-worker=262144"
    "memorysetup-temp-allocator-size-preload-manager=33554432"
    "memorysetup-temp-allocator-size-nav-mesh-worker=65536"
    "memorysetup-temp-allocator-size-audio-worker=65536"
    "memorysetup-temp-allocator-size-cloud-worker=32768"
    "memorysetup-temp-allocator-size-gi-baking-worker=262144"
    "memorysetup-temp-allocator-size-gfx=262144"
Player connection [140704616691456] Host "[IP] 10.20.41.250 [Port] 0 [Flags] 2 [Guid] 67062938 [EditorId] 67062938 [Version] 1048832 [Id] OSXEditor(0,Ghadahs-MacBook.local) [Debug] 1 [PackageName] OSXEditor [ProjectName] Editor" joined multi-casting on [225.0.0.222:54997]...

Player connection [140704616691456] Host "[IP] 10.20.41.250 [Port] 0 [Flags] 2 [Guid] 67062938 [EditorId] 67062938 [Version] 1048832 [Id] OSXEditor(0,Ghadahs-MacBook.local) [Debug] 1 [PackageName] OSXEditor [ProjectName] Editor" joined alternative multi-casting on [225.0.0.222:34997]...

Refreshing native plugins compatible for Editor in 3.83 ms, found 2 plugins.
Preloading 0 native plugins for Editor in 0.00 ms.
Initialize engine version: 2022.3.6f1 (b9e6e7e9fa2d)
[Subsystems] Discovering subsystems at path /Applications/Unity/Hub/Editor/2022.3.6f1/Unity.app/Contents/Resources/UnitySubsystems
[Subsystems] Discovering subsystems at path /Users/user/Desktop/meta 1st/Taxi Guy Built-in/Assets
GfxDevice: creating device client; threaded=0; jobified=0
Color LCD preferred device: AMD Radeon Pro 5500M (high power)
Metal devices available: 2
0: AMD Radeon Pro 5500M (high power)
1: Intel(R) UHD Graphics 630 (low power)
Using device AMD Radeon Pro 5500M (high power)
Initializing Metal device caps: AMD Radeon Pro 5500M
Initialize mono
Mono path[0] = '/Applications/Unity/Hub/Editor/2022.3.6f1/Unity.app/Contents/Managed'
Mono path[1] = '/Applications/Unity/Hub/Editor/2022.3.6f1/Unity.app/Contents/MonoBleedingEdge/lib/mono/unityjit-macos'
Mono config path = '/Applications/Unity/Hub/Editor/2022.3.6f1/Unity.app/Contents/MonoBleedingEdge/etc'
Using monoOptions --debugger-agent=transport=dt_socket,embedding=1,server=y,suspend=n,address=127.0.0.1:56009
Begin MonoManager ReloadAssembly
Registering precompiled unity dll's ...
Register platform support module: /Applications/Unity/Hub/Editor/2022.3.6f1/Unity.app/Contents/PlaybackEngines/MacStandaloneSupport/UnityEditor.OSXStandalone.Extensions.dll
Register platform support module: /Applications/Unity/Hub/Editor/2022.3.6f1/PlaybackEngines/AndroidPlayer/UnityEditor.Android.Extensions.dll
Registered in 0.002076 seconds.
- Loaded All Assemblies, in  0.399 seconds
Native extension for Android target not found
Android Extension - Scanning For ADB Devices 115 ms
Native extension for OSXStandalone target not found
Mono: successfully reloaded assembly
- Finished resetting the current domain, in  0.546 seconds
Domain Reload Profiling: 945ms
	BeginReloadAssembly (97ms)
		ExecutionOrderSort (0ms)
		DisableScriptedObjects (0ms)
		BackupInstance (0ms)
		ReleaseScriptingObjects (0ms)
		CreateAndSetChildDomain (1ms)
	RebuildCommonClasses (49ms)
	RebuildNativeTypeToScriptingClass (14ms)
	initialDomainReloadingComplete (60ms)
	LoadAllAssembliesAndSetupDomain (179ms)
		LoadAssemblies (96ms)
		RebuildTransferFunctionScriptingTraits (0ms)
		AnalyzeDomain (176ms)
			TypeCache.Refresh (175ms)
				TypeCache.ScanAssembly (162ms)
			ScanForSourceGeneratedMonoScriptInfo (0ms)
			ResolveRequiredComponents (0ms)
	FinalizeReload (546ms)
		ReleaseScriptCaches (0ms)
		RebuildScriptCaches (0ms)
		SetupLoadedEditorAssemblies (472ms)
			LogAssemblyErrors (0ms)
			InitializePlatformSupportModulesInManaged (295ms)
			SetLoadedEditorAssemblies (5ms)
			RefreshPlugins (0ms)
			BeforeProcessingInitializeOnLoad (3ms)
			ProcessInitializeOnLoadAttributes (115ms)
			ProcessInitializeOnLoadMethodAttributes (54ms)
			AfterProcessingInitializeOnLoad (0ms)
			EditorAssembliesLoaded (0ms)
		ExecutionOrderSort2 (0ms)
		AwakeInstancesAfterBackupRestoration (0ms)
========================================================================
Worker process is ready to serve import requests
Begin MonoManager ReloadAssembly
Symbol file LoadedFromMemory doesn't match image /Users/user/Desktop/meta 1st/Taxi Guy Built-in/Library/PackageCache/com.unity.visualscripting@1.8.0/Editor/VisualScripting.Core/Dependencies/YamlDotNet/Unity.VisualScripting.YamlDotNet.dll
Symbol file LoadedFromMemory doesn't match image /Users/user/Desktop/meta 1st/Taxi Guy Built-in/Library/PackageCache/com.unity.visualscripting@1.8.0/Editor/VisualScripting.Core/Dependencies/DotNetZip/Unity.VisualScripting.IonicZip.dll
- Loaded All Assemblies, in  0.842 seconds
Refreshing native plugins compatible for Editor in 1.38 ms, found 2 plugins.
Native extension for Android target not found
Native extension for OSXStandalone target not found
Package Manager log level set to [2]
[Package Manager] Server::EnsureServerProcessIsRunning -- launch failed, reason: Unity was launched with the -noUpm command-line argument
[Package Manager] UpmClient::Send -- Unable to send message (not connected to UPM process).
[Package Manager] Cannot connect to Unity Package Manager local server
Mono: successfully reloaded assembly
- Finished resetting the current domain, in  0.890 seconds
Domain Reload Profiling: 1732ms
	BeginReloadAssembly (150ms)
		ExecutionOrderSort (0ms)
		DisableScriptedObjects (7ms)
		BackupInstance (0ms)
		ReleaseScriptingObjects (0ms)
		CreateAndSetChildDomain (34ms)
	RebuildCommonClasses (44ms)
	RebuildNativeTypeToScriptingClass (14ms)
	initialDomainReloadingComplete (49ms)
	LoadAllAssembliesAndSetupDomain (585ms)
		LoadAssemblies (272ms)
		RebuildTransferFunctionScriptingTraits (0ms)
		AnalyzeDomain (383ms)
			TypeCache.Refresh (361ms)
				TypeCache.ScanAssembly (344ms)
			ScanForSourceGeneratedMonoScriptInfo (17ms)
			ResolveRequiredComponents (5ms)
	FinalizeReload (891ms)
		ReleaseScriptCaches (0ms)
		RebuildScriptCaches (0ms)
		SetupLoadedEditorAssemblies (655ms)
			LogAssemblyErrors (0ms)
			InitializePlatformSupportModulesInManaged (24ms)
			SetLoadedEditorAssemblies (5ms)
			RefreshPlugins (0ms)
			BeforeProcessingInitializeOnLoad (57ms)
			ProcessInitializeOnLoadAttributes (545ms)
			ProcessInitializeOnLoadMethodAttributes (21ms)
			AfterProcessingInitializeOnLoad (2ms)
			EditorAssembliesLoaded (0ms)
		ExecutionOrderSort2 (0ms)
		AwakeInstancesAfterBackupRestoration (4ms)
Launching external process: /Applications/Unity/Hub/Editor/2022.3.6f1/Unity.app/Contents/Tools/UnityShaderCompiler
Launched and connected shader compiler UnityShaderCompiler after 0.08 seconds
Refreshing native plugins compatible for Editor in 1.27 ms, found 2 plugins.
Preloading 0 native plugins for Editor in 0.00 ms.
Unloading 3077 Unused Serialized files (Serialized files now loaded: 0)
Unloading 33 unused Assets / (3.2 MB). Loaded Objects now: 3563.
Memory consumption went from 144.8 MB to 141.7 MB.
Total: 4.891712 ms (FindLiveObjects: 0.281795 ms CreateObjectMapping: 0.249842 ms MarkObjects: 3.773742 ms  DeleteObjects: 0.585174 ms)

AssetImportParameters requested are different than current active one (requested -> active):
  custom:container-demuxer-ogg: 62fdf1f143b41e24485cea50d1cbac27 -> 
  custom:video-decoder-ogg-theora: a1e56fd34408186e4bbccfd4996cb3dc -> 
  custom:CustomObjectIndexerAttribute: 756ad292c208cfabdd7b50bc23989ffe -> 
  custom:container-demuxer-webm: 4f35f7cbe854078d1ac9338744f61a02 -> 
  custom:container-muxer-webm: aa71ff27fc2769a1b78a27578f13a17b -> 
  custom:video-decoder-webm-vp8: 9c59270c3fd7afecdb556c50c9e8de78 -> 
  custom:SearchIndexIgnoredProperties: e643bd26f0fe6173181afceb89e7c659 -> 
  custom:AudioImporter_EditorPlatform: 3918e3fc78b5a79bad01e8451be0beb8 -> 
  custom:framework-osx-AVFoundation: e770b220cccbd017edd2c1fefb359320 -> 
  custom:video-encoder-webm-vp8: eb34c28f22e8b96e1ab97ce403110664 -> 
  custom:audio-decoder-ogg-vorbis: bf7c407c2cedff20999df2af8eb42d56 -> 
  custom:audio-encoder-webm-vorbis: bf7c407c2cedff20999df2af8eb42d56 -> 
========================================================================
Received Import Request.
  Time since last request: 405283.125369 seconds.
  path: Assets/Terrain Blending Starter Kit/Example Scene
  artifactKey: Guid(d742e7d502c80dd4bb734b1e47c213e0) Importer(815301076,1909f56bfc062723c751e8b465ee728b)
Start importing Assets/Terrain Blending Starter Kit/Example Scene using Guid(d742e7d502c80dd4bb734b1e47c213e0) Importer(815301076,1909f56bfc062723c751e8b465ee728b)  -> (artifact id: '282d303a018ec4e64a9ded8303d88792') in 0.001717 seconds
Number of updated asset objects reloaded before import = 0
Number of asset objects unloaded after import = 0
========================================================================
Received Import Request.
  Time since last request: 6.408667 seconds.
  path: Assets/Terrain Blending Starter Kit/Assets/Models/Terrain.asset
  artifactKey: Guid(d32e12baa0f640741a456f210be7bbbc) Importer(815301076,1909f56bfc062723c751e8b465ee728b)
Start importing Assets/Terrain Blending Starter Kit/Assets/Models/Terrain.asset using Guid(d32e12baa0f640741a456f210be7bbbc) Importer(815301076,1909f56bfc062723c751e8b465ee728b)  -> (artifact id: '6defbe9cd0e7509be068555a6bb67e9b') in 0.107519 seconds
Number of updated asset objects reloaded before import = 0
Number of asset objects unloaded after import = 3
========================================================================
Received Import Request.
  Time since last request: 40.175076 seconds.
  path: Assets/Terrain Blending Starter Kit/Assets/Models/Materials/terrain_intersection.mat
  artifactKey: Guid(2b1ffec2e790b124680d601288505893) Importer(815301076,1909f56bfc062723c751e8b465ee728b)
Start importing Assets/Terrain Blending Starter Kit/Assets/Models/Materials/terrain_intersection.mat using Guid(2b1ffec2e790b124680d601288505893) Importer(815301076,1909f56bfc062723c751e8b465ee728b)  -> (artifact id: '3880d135e80957236c4a8519777b3ce9') in 0.539332 seconds
Number of updated asset objects reloaded before import = 0
Number of asset objects unloaded after import = 4
========================================================================
Received Import Request.
  Time since last request: 2.178576 seconds.
  path: Assets/Terrain Blending Starter Kit/Assets/Textures/rock_pillar_normal.png
  artifactKey: Guid(1eda94501514b3942b619844d9d3fb6f) Importer(815301076,1909f56bfc062723c751e8b465ee728b)
Start importing Assets/Terrain Blending Starter Kit/Assets/Textures/rock_pillar_normal.png using Guid(1eda94501514b3942b619844d9d3fb6f) Importer(815301076,1909f56bfc062723c751e8b465ee728b)  -> (artifact id: '6ee4f931cc4efb39dee2d4fca59b4d44') in 0.037276 seconds
Number of updated asset objects reloaded before import = 0
Number of asset objects unloaded after import = 2
========================================================================
Received Import Request.
  Time since last request: 0.000076 seconds.
  path: Assets/Terrain Blending Starter Kit/Assets/Textures/Sand_dirt_normal_example.png
  artifactKey: Guid(af8dfad714b32364481db73ce17a185c) Importer(815301076,1909f56bfc062723c751e8b465ee728b)
Start importing Assets/Terrain Blending Starter Kit/Assets/Textures/Sand_dirt_normal_example.png using Guid(af8dfad714b32364481db73ce17a185c) Importer(815301076,1909f56bfc062723c751e8b465ee728b)  -> (artifact id: '969528d3b6eaedfe2b7e47d28c38254a') in 0.011225 seconds
Number of updated asset objects reloaded before import = 0
Number of asset objects unloaded after import = 2
========================================================================
Received Import Request.
  Time since last request: 189.595746 seconds.
  path: Assets/Damaged Road Materials/Materials/Road Dam2 Marked/Road Dam2 Marked2 Displacement.mat
  artifactKey: Guid(272d4df87a4bb0a48be061738ea4f4ca) Importer(815301076,1909f56bfc062723c751e8b465ee728b)
Start importing Assets/Damaged Road Materials/Materials/Road Dam2 Marked/Road Dam2 Marked2 Displacement.mat using Guid(272d4df87a4bb0a48be061738ea4f4ca) Importer(815301076,1909f56bfc062723c751e8b465ee728b)  -> (artifact id: 'a2fd31598e8c9bd324d9972545cef075') in 0.142478 seconds
Number of updated asset objects reloaded before import = 0
Number of asset objects unloaded after import = 7
========================================================================
Received Import Request.
  Time since last request: 0.000051 seconds.
  path: Assets/Damaged Road Materials/Materials/Road Dam2 Marked/Road Dam2 Marked5 Displacement.mat
  artifactKey: Guid(0f185a7eab6fddc4abaf47d722474c2f) Importer(815301076,1909f56bfc062723c751e8b465ee728b)
Start importing Assets/Damaged Road Materials/Materials/Road Dam2 Marked/Road Dam2 Marked5 Displacement.mat using Guid(0f185a7eab6fddc4abaf47d722474c2f) Importer(815301076,1909f56bfc062723c751e8b465ee728b)  -> (artifact id: '22e66212b3663f08241e509542c7aa52') in 0.039848 seconds
Number of updated asset objects reloaded before import = 0
Number of asset objects unloaded after import = 7
========================================================================
Received Import Request.
  Time since last request: 0.000050 seconds.
  path: Assets/Damaged Road Materials/Materials/Road Dam2 Marked/Road Dam2 Marked3 Displacement.mat
  artifactKey: Guid(a20d42657426dfa4cb85489e932d15a4) Importer(815301076,1909f56bfc062723c751e8b465ee728b)
Start importing Assets/Damaged Road Materials/Materials/Road Dam2 Marked/Road Dam2 Marked3 Displacement.mat using Guid(a20d42657426dfa4cb85489e932d15a4) Importer(815301076,1909f56bfc062723c751e8b465ee728b)  -> (artifact id: 'e5b81fd57064ba8c67bbc7b3d5c01439') in 0.051623 seconds
Number of updated asset objects reloaded before import = 0
Number of asset objects unloaded after import = 7
========================================================================
Received Import Request.
  Time since last request: 0.000038 seconds.
  path: Assets/Damaged Road Materials/Materials/Road Dam2 Marked/Road Dam2 Marked4 Displacement.mat
  artifactKey: Guid(8596be2b1bce18a4c980fd86da6f585a) Importer(815301076,1909f56bfc062723c751e8b465ee728b)
Start importing Assets/Damaged Road Materials/Materials/Road Dam2 Marked/Road Dam2 Marked4 Displacement.mat using Guid(8596be2b1bce18a4c980fd86da6f585a) Importer(815301076,1909f56bfc062723c751e8b465ee728b)  -> (artifact id: '9c85bf074c32b684d41ff88802b9bbe2') in 0.038935 seconds
Number of updated asset objects reloaded before import = 0
Number of asset objects unloaded after import = 7
========================================================================
Received Import Request.
  Time since last request: 24.844503 seconds.
  path: Assets/Playground Low Poly/Maps/Overview/Lightmap-0_comp_dir.png
  artifactKey: Guid(bb0476da636bc5549b65434797e4d369) Importer(815301076,1909f56bfc062723c751e8b465ee728b)
Start importing Assets/Playground Low Poly/Maps/Overview/Lightmap-0_comp_dir.png using Guid(bb0476da636bc5549b65434797e4d369) Importer(815301076,1909f56bfc062723c751e8b465ee728b)  -> (artifact id: '4b91ea66c70f2438338664605972daf7') in 0.007979 seconds
Number of updated asset objects reloaded before import = 0
Number of asset objects unloaded after import = 2
========================================================================
Received Import Request.
  Time since last request: 0.001291 seconds.
  path: Assets/Playground Low Poly/Maps/Overview/Lightmap-2_comp_dir.png
  artifactKey: Guid(452e02405d9efd04e8bbb3acfaeac785) Importer(815301076,1909f56bfc062723c751e8b465ee728b)
Start importing Assets/Playground Low Poly/Maps/Overview/Lightmap-2_comp_dir.png using Guid(452e02405d9efd04e8bbb3acfaeac785) Importer(815301076,1909f56bfc062723c751e8b465ee728b)  -> (artifact id: '511a6e2dee4d5bfadfc1de95e36202d3') in 0.007207 seconds
Number of updated asset objects reloaded before import = 0
Number of asset objects unloaded after import = 2
========================================================================
Received Import Request.
  Time since last request: 0.000089 seconds.
  path: Assets/Playground Low Poly/Maps/Overview/Lightmap-3_comp_dir.png
  artifactKey: Guid(f7ba621f30bc60142811ff625bfb3726) Importer(815301076,1909f56bfc062723c751e8b465ee728b)
Start importing Assets/Playground Low Poly/Maps/Overview/Lightmap-3_comp_dir.png using Guid(f7ba621f30bc60142811ff625bfb3726) Importer(815301076,1909f56bfc062723c751e8b465ee728b)  -> (artifact id: '27c46a3d73993cfc965e0f08e58d14b6') in 0.007825 seconds
Number of updated asset objects reloaded before import = 0
Number of asset objects unloaded after import = 2
========================================================================
Received Import Request.
  Time since last request: 0.000082 seconds.
  path: Assets/Playground Low Poly/Maps/Overview/Lightmap-1_comp_dir.png
  artifactKey: Guid(d9c7294552dcb2e45947c73a0329bd08) Importer(815301076,1909f56bfc062723c751e8b465ee728b)
Start importing Assets/Playground Low Poly/Maps/Overview/Lightmap-1_comp_dir.png using Guid(d9c7294552dcb2e45947c73a0329bd08) Importer(815301076,1909f56bfc062723c751e8b465ee728b)  -> (artifact id: '47cf6ce615e920ad3f3b5181297c9bf6') in 0.007448 seconds
Number of updated asset objects reloaded before import = 0
Number of asset objects unloaded after import = 2
========================================================================
Received Import Request.
  Time since last request: 0.000083 seconds.
  path: Assets/Playground Low Poly/Maps/Overview/Lightmap-2_comp_light.exr
  artifactKey: Guid(66701eba82ce23149bcec9c65ffa541c) Importer(815301076,1909f56bfc062723c751e8b465ee728b)
Start importing Assets/Playground Low Poly/Maps/Overview/Lightmap-2_comp_light.exr using Guid(66701eba82ce23149bcec9c65ffa541c) Importer(815301076,1909f56bfc062723c751e8b465ee728b)  -> (artifact id: 'f3d4af5c5ba2d843616f11daeb394233') in 0.048932 seconds
Number of updated asset objects reloaded before import = 0
Number of asset objects unloaded after import = 2
========================================================================
Received Import Request.
  Time since last request: 1.080388 seconds.
  path: Assets/ghadabuilds/first_building (1)_apartment_building.002_Roughness.1001.png
  artifactKey: Guid(6a49e1c0888d17b4287ec8db190ddc73) Importer(815301076,1909f56bfc062723c751e8b465ee728b)
Start importing Assets/ghadabuilds/first_building (1)_apartment_building.002_Roughness.1001.png using Guid(6a49e1c0888d17b4287ec8db190ddc73) Importer(815301076,1909f56bfc062723c751e8b465ee728b)  -> (artifact id: 'dcf03bbafc94db62e7617293ecb026fc') in 0.009019 seconds
Number of updated asset objects reloaded before import = 0
Number of asset objects unloaded after import = 2
========================================================================
Received Import Request.
  Time since last request: 0.000837 seconds.
  path: Assets/PalmTreePack/Textures/Ground/Ground_Sand_height.tif
  artifactKey: Guid(e98cbb702ea24f8429b7f647452dfaeb) Importer(815301076,1909f56bfc062723c751e8b465ee728b)
Start importing Assets/PalmTreePack/Textures/Ground/Ground_Sand_height.tif using Guid(e98cbb702ea24f8429b7f647452dfaeb) Importer(815301076,1909f56bfc062723c751e8b465ee728b)  -> (artifact id: '02ae7ec0842c630f5f3b7b22d35e7470') in 0.010913 seconds
Number of updated asset objects reloaded before import = 0
Number of asset objects unloaded after import = 2
Editor requested this worker to shutdown with reason: Scaling down because of idle timeout
TcpMessagingSession - receive error: operation aborted. errorcode: 89, details: Operation aborted.
AssetImportWorker is now disconnected from the server
Process exiting
