Unity Editor version:    2022.3.6f1 (b9e6e7e9fa2d)
Branch:                  2022.3/staging
Build type:              Release
Batch mode:              YES
macOS version:           Version 13.5 (Build 22G74)
Darwin version:          22.6.0
Architecture:            x86_64
Running under Rosetta:   NO
Available memory:        32768 MB
Using pre-set license
Pro License: YES

COMMAND LINE ARGUMENTS:
/Applications/Unity/Hub/Editor/2022.3.6f1/Unity.app/Contents/MacOS/Unity
-adb2
-batchMode
-noUpm
-name
AssetImportWorker0
-projectPath
/Users/user/Desktop/meta 1st/Taxi Guy Built-in
-logFile
Logs/AssetImportWorker0.log
-srvPort
49547
Successfully changed project path to: /Users/user/Desktop/meta 1st/Taxi Guy Built-in
/Users/user/Desktop/meta 1st/Taxi Guy Built-in
[UnityMemory] Configuration Parameters - Can be set up in boot.config
    "memorysetup-bucket-allocator-granularity=16"
    "memorysetup-bucket-allocator-bucket-count=8"
    "memorysetup-bucket-allocator-block-size=33554432"
    "memorysetup-bucket-allocator-block-count=8"
    "memorysetup-main-allocator-block-size=16777216"
    "memorysetup-thread-allocator-block-size=16777216"
    "memorysetup-gfx-main-allocator-block-size=16777216"
    "memorysetup-gfx-thread-allocator-block-size=16777216"
    "memorysetup-cache-allocator-block-size=4194304"
    "memorysetup-typetree-allocator-block-size=2097152"
    "memorysetup-profiler-bucket-allocator-granularity=16"
    "memorysetup-profiler-bucket-allocator-bucket-count=8"
    "memorysetup-profiler-bucket-allocator-block-size=33554432"
    "memorysetup-profiler-bucket-allocator-block-count=8"
    "memorysetup-profiler-allocator-block-size=16777216"
    "memorysetup-profiler-editor-allocator-block-size=1048576"
    "memorysetup-temp-allocator-size-main=16777216"
    "memorysetup-job-temp-allocator-block-size=2097152"
    "memorysetup-job-temp-allocator-block-size-background=1048576"
    "memorysetup-job-temp-allocator-reduction-small-platforms=262144"
    "memorysetup-allocator-temp-initial-block-size-main=262144"
    "memorysetup-allocator-temp-initial-block-size-worker=262144"
    "memorysetup-temp-allocator-size-background-worker=32768"
    "memorysetup-temp-allocator-size-job-worker=262144"
    "memorysetup-temp-allocator-size-preload-manager=33554432"
    "memorysetup-temp-allocator-size-nav-mesh-worker=65536"
    "memorysetup-temp-allocator-size-audio-worker=65536"
    "memorysetup-temp-allocator-size-cloud-worker=32768"
    "memorysetup-temp-allocator-size-gi-baking-worker=262144"
    "memorysetup-temp-allocator-size-gfx=262144"
Player connection [140704616691456] Host "[IP] 10.20.41.250 [Port] 0 [Flags] 2 [Guid] 2518317650 [EditorId] 2518317650 [Version] 1048832 [Id] OSXEditor(0,Ghadahs-MacBook.local) [Debug] 1 [PackageName] OSXEditor [ProjectName] Editor" joined multi-casting on [225.0.0.222:54997]...

Player connection [140704616691456] Host "[IP] 10.20.41.250 [Port] 0 [Flags] 2 [Guid] 2518317650 [EditorId] 2518317650 [Version] 1048832 [Id] OSXEditor(0,Ghadahs-MacBook.local) [Debug] 1 [PackageName] OSXEditor [ProjectName] Editor" joined alternative multi-casting on [225.0.0.222:34997]...

Refreshing native plugins compatible for Editor in 3.33 ms, found 2 plugins.
Preloading 0 native plugins for Editor in 0.00 ms.
Initialize engine version: 2022.3.6f1 (b9e6e7e9fa2d)
[Subsystems] Discovering subsystems at path /Applications/Unity/Hub/Editor/2022.3.6f1/Unity.app/Contents/Resources/UnitySubsystems
[Subsystems] Discovering subsystems at path /Users/user/Desktop/meta 1st/Taxi Guy Built-in/Assets
GfxDevice: creating device client; threaded=0; jobified=0
Color LCD preferred device: AMD Radeon Pro 5500M (high power)
Metal devices available: 2
0: AMD Radeon Pro 5500M (high power)
1: Intel(R) UHD Graphics 630 (low power)
Using device AMD Radeon Pro 5500M (high power)
Initializing Metal device caps: AMD Radeon Pro 5500M
Initialize mono
Mono path[0] = '/Applications/Unity/Hub/Editor/2022.3.6f1/Unity.app/Contents/Managed'
Mono path[1] = '/Applications/Unity/Hub/Editor/2022.3.6f1/Unity.app/Contents/MonoBleedingEdge/lib/mono/unityjit-macos'
Mono config path = '/Applications/Unity/Hub/Editor/2022.3.6f1/Unity.app/Contents/MonoBleedingEdge/etc'
Using monoOptions --debugger-agent=transport=dt_socket,embedding=1,server=y,suspend=n,address=127.0.0.1:56007
Begin MonoManager ReloadAssembly
Registering precompiled unity dll's ...
Register platform support module: /Applications/Unity/Hub/Editor/2022.3.6f1/Unity.app/Contents/PlaybackEngines/MacStandaloneSupport/UnityEditor.OSXStandalone.Extensions.dll
Register platform support module: /Applications/Unity/Hub/Editor/2022.3.6f1/PlaybackEngines/AndroidPlayer/UnityEditor.Android.Extensions.dll
Registered in 0.002041 seconds.
- Loaded All Assemblies, in  0.392 seconds
Native extension for Android target not found
Android Extension - Scanning For ADB Devices 124 ms
Native extension for OSXStandalone target not found
Mono: successfully reloaded assembly
- Finished resetting the current domain, in  0.552 seconds
Domain Reload Profiling: 943ms
	BeginReloadAssembly (94ms)
		ExecutionOrderSort (0ms)
		DisableScriptedObjects (0ms)
		BackupInstance (0ms)
		ReleaseScriptingObjects (0ms)
		CreateAndSetChildDomain (1ms)
	RebuildCommonClasses (48ms)
	RebuildNativeTypeToScriptingClass (13ms)
	initialDomainReloadingComplete (57ms)
	LoadAllAssembliesAndSetupDomain (178ms)
		LoadAssemblies (93ms)
		RebuildTransferFunctionScriptingTraits (0ms)
		AnalyzeDomain (174ms)
			TypeCache.Refresh (173ms)
				TypeCache.ScanAssembly (161ms)
			ScanForSourceGeneratedMonoScriptInfo (0ms)
			ResolveRequiredComponents (0ms)
	FinalizeReload (552ms)
		ReleaseScriptCaches (0ms)
		RebuildScriptCaches (0ms)
		SetupLoadedEditorAssemblies (477ms)
			LogAssemblyErrors (0ms)
			InitializePlatformSupportModulesInManaged (300ms)
			SetLoadedEditorAssemblies (5ms)
			RefreshPlugins (0ms)
			BeforeProcessingInitializeOnLoad (3ms)
			ProcessInitializeOnLoadAttributes (114ms)
			ProcessInitializeOnLoadMethodAttributes (54ms)
			AfterProcessingInitializeOnLoad (0ms)
			EditorAssembliesLoaded (0ms)
		ExecutionOrderSort2 (0ms)
		AwakeInstancesAfterBackupRestoration (0ms)
========================================================================
Worker process is ready to serve import requests
Begin MonoManager ReloadAssembly
Symbol file LoadedFromMemory doesn't match image /Users/user/Desktop/meta 1st/Taxi Guy Built-in/Library/PackageCache/com.unity.visualscripting@1.8.0/Editor/VisualScripting.Core/Dependencies/YamlDotNet/Unity.VisualScripting.YamlDotNet.dll
Symbol file LoadedFromMemory doesn't match image /Users/user/Desktop/meta 1st/Taxi Guy Built-in/Library/PackageCache/com.unity.visualscripting@1.8.0/Editor/VisualScripting.Core/Dependencies/DotNetZip/Unity.VisualScripting.IonicZip.dll
- Loaded All Assemblies, in  0.841 seconds
Refreshing native plugins compatible for Editor in 1.46 ms, found 2 plugins.
Native extension for Android target not found
Native extension for OSXStandalone target not found
Package Manager log level set to [2]
[Package Manager] Server::EnsureServerProcessIsRunning -- launch failed, reason: Unity was launched with the -noUpm command-line argument
[Package Manager] UpmClient::Send -- Unable to send message (not connected to UPM process).
[Package Manager] Cannot connect to Unity Package Manager local server
Mono: successfully reloaded assembly
- Finished resetting the current domain, in  0.891 seconds
Domain Reload Profiling: 1732ms
	BeginReloadAssembly (151ms)
		ExecutionOrderSort (0ms)
		DisableScriptedObjects (7ms)
		BackupInstance (0ms)
		ReleaseScriptingObjects (0ms)
		CreateAndSetChildDomain (34ms)
	RebuildCommonClasses (43ms)
	RebuildNativeTypeToScriptingClass (14ms)
	initialDomainReloadingComplete (49ms)
	LoadAllAssembliesAndSetupDomain (583ms)
		LoadAssemblies (273ms)
		RebuildTransferFunctionScriptingTraits (0ms)
		AnalyzeDomain (381ms)
			TypeCache.Refresh (360ms)
				TypeCache.ScanAssembly (343ms)
			ScanForSourceGeneratedMonoScriptInfo (16ms)
			ResolveRequiredComponents (5ms)
	FinalizeReload (892ms)
		ReleaseScriptCaches (0ms)
		RebuildScriptCaches (0ms)
		SetupLoadedEditorAssemblies (654ms)
			LogAssemblyErrors (0ms)
			InitializePlatformSupportModulesInManaged (24ms)
			SetLoadedEditorAssemblies (5ms)
			RefreshPlugins (0ms)
			BeforeProcessingInitializeOnLoad (57ms)
			ProcessInitializeOnLoadAttributes (544ms)
			ProcessInitializeOnLoadMethodAttributes (21ms)
			AfterProcessingInitializeOnLoad (2ms)
			EditorAssembliesLoaded (0ms)
		ExecutionOrderSort2 (0ms)
		AwakeInstancesAfterBackupRestoration (4ms)
Launching external process: /Applications/Unity/Hub/Editor/2022.3.6f1/Unity.app/Contents/Tools/UnityShaderCompiler
Launched and connected shader compiler UnityShaderCompiler after 0.08 seconds
Refreshing native plugins compatible for Editor in 1.34 ms, found 2 plugins.
Preloading 0 native plugins for Editor in 0.00 ms.
Unloading 3077 Unused Serialized files (Serialized files now loaded: 0)
Unloading 33 unused Assets / (3.1 MB). Loaded Objects now: 3563.
Memory consumption went from 144.8 MB to 141.6 MB.
Total: 5.001315 ms (FindLiveObjects: 0.271215 ms CreateObjectMapping: 0.257362 ms MarkObjects: 3.876877 ms  DeleteObjects: 0.594848 ms)

AssetImportParameters requested are different than current active one (requested -> active):
  custom:container-demuxer-ogg: 62fdf1f143b41e24485cea50d1cbac27 -> 
  custom:video-decoder-ogg-theora: a1e56fd34408186e4bbccfd4996cb3dc -> 
  custom:CustomObjectIndexerAttribute: 756ad292c208cfabdd7b50bc23989ffe -> 
  custom:container-demuxer-webm: 4f35f7cbe854078d1ac9338744f61a02 -> 
  custom:container-muxer-webm: aa71ff27fc2769a1b78a27578f13a17b -> 
  custom:video-decoder-webm-vp8: 9c59270c3fd7afecdb556c50c9e8de78 -> 
  custom:SearchIndexIgnoredProperties: e643bd26f0fe6173181afceb89e7c659 -> 
  custom:AudioImporter_EditorPlatform: 3918e3fc78b5a79bad01e8451be0beb8 -> 
  custom:framework-osx-AVFoundation: e770b220cccbd017edd2c1fefb359320 -> 
  custom:video-encoder-webm-vp8: eb34c28f22e8b96e1ab97ce403110664 -> 
  custom:audio-decoder-ogg-vorbis: bf7c407c2cedff20999df2af8eb42d56 -> 
  custom:audio-encoder-webm-vorbis: bf7c407c2cedff20999df2af8eb42d56 -> 
========================================================================
Received Import Request.
  Time since last request: 405283.125329 seconds.
  path: Assets/Terrain Blending Starter Kit
  artifactKey: Guid(15edbe293746b492a87a464576102e7f) Importer(815301076,1909f56bfc062723c751e8b465ee728b)
Start importing Assets/Terrain Blending Starter Kit using Guid(15edbe293746b492a87a464576102e7f) Importer(815301076,1909f56bfc062723c751e8b465ee728b)  -> (artifact id: '4d9bc3b1e4ce24c6c02193a086a872c6') in 0.001751 seconds
Number of updated asset objects reloaded before import = 0
Number of asset objects unloaded after import = 0
========================================================================
Received Import Request.
  Time since last request: 4.323523 seconds.
  path: Assets/Terrain Blending Starter Kit/Assets
  artifactKey: Guid(d815499e0e2b85145a093ed2327abbab) Importer(815301076,1909f56bfc062723c751e8b465ee728b)
Start importing Assets/Terrain Blending Starter Kit/Assets using Guid(d815499e0e2b85145a093ed2327abbab) Importer(815301076,1909f56bfc062723c751e8b465ee728b)  -> (artifact id: '7390f71d12f2c88fe1c8a8060eeba5d8') in 0.000369 seconds
Number of updated asset objects reloaded before import = 0
Number of asset objects unloaded after import = 0
========================================================================
Received Import Request.
  Time since last request: 1.980519 seconds.
  path: Assets/Terrain Blending Starter Kit/Assets/Models
  artifactKey: Guid(b986db43e276eb347917e649e2d6dde6) Importer(815301076,1909f56bfc062723c751e8b465ee728b)
Start importing Assets/Terrain Blending Starter Kit/Assets/Models using Guid(b986db43e276eb347917e649e2d6dde6) Importer(815301076,1909f56bfc062723c751e8b465ee728b)  -> (artifact id: '58909eb352b5c52f26a42b7242f5385d') in 0.000347 seconds
Number of updated asset objects reloaded before import = 0
Number of asset objects unloaded after import = 0
========================================================================
Received Import Request.
  Time since last request: 0.102038 seconds.
  path: Assets/Terrain Blending Starter Kit/Assets/Models/rock_pillar_01_lp.fbx
  artifactKey: Guid(245498c72c2ddce42ac434a2b0727c94) Importer(815301076,1909f56bfc062723c751e8b465ee728b)
Start importing Assets/Terrain Blending Starter Kit/Assets/Models/rock_pillar_01_lp.fbx using Guid(245498c72c2ddce42ac434a2b0727c94) Importer(815301076,1909f56bfc062723c751e8b465ee728b)  -> (artifact id: 'e00242fd4c26a4f3ed3aa1ee92fee812') in 0.716027 seconds
Number of updated asset objects reloaded before import = 0
Number of asset objects unloaded after import = 13
========================================================================
Received Import Request.
  Time since last request: 39.493729 seconds.
  path: Assets/Terrain Blending Starter Kit/Assets/Models/Materials
  artifactKey: Guid(e8cb9c57cc7dbc64e82fdd5213a39dec) Importer(815301076,1909f56bfc062723c751e8b465ee728b)
Start importing Assets/Terrain Blending Starter Kit/Assets/Models/Materials using Guid(e8cb9c57cc7dbc64e82fdd5213a39dec) Importer(815301076,1909f56bfc062723c751e8b465ee728b)  -> (artifact id: '43da00cf6af6c73ccf97170f75edc866') in 0.000446 seconds
Number of updated asset objects reloaded before import = 0
Number of asset objects unloaded after import = 0
========================================================================
Received Import Request.
  Time since last request: 0.071508 seconds.
  path: Assets/Terrain Blending Starter Kit/Assets/Models/Materials/rock_pillar_01.mat
  artifactKey: Guid(f510126ecb134f34c87442b9e64e1d94) Importer(815301076,1909f56bfc062723c751e8b465ee728b)
Start importing Assets/Terrain Blending Starter Kit/Assets/Models/Materials/rock_pillar_01.mat using Guid(f510126ecb134f34c87442b9e64e1d94) Importer(815301076,1909f56bfc062723c751e8b465ee728b)  -> (artifact id: '1bda71d3f497e08fd2bf3a0bbaad3d5f') in 0.095805 seconds
Number of updated asset objects reloaded before import = 0
Number of asset objects unloaded after import = 6
========================================================================
Received Import Request.
  Time since last request: 2.618137 seconds.
  path: Assets/Terrain Blending Starter Kit/Assets/Textures/rock_pillar_basecolor.png
  artifactKey: Guid(8f96e14d889a61e47810b2ebdf0fc655) Importer(815301076,1909f56bfc062723c751e8b465ee728b)
Start importing Assets/Terrain Blending Starter Kit/Assets/Textures/rock_pillar_basecolor.png using Guid(8f96e14d889a61e47810b2ebdf0fc655) Importer(815301076,1909f56bfc062723c751e8b465ee728b)  -> (artifact id: '2435d3b25a862a2048ac6a14bdaef1b5') in 0.023114 seconds
Number of updated asset objects reloaded before import = 0
Number of asset objects unloaded after import = 2
========================================================================
Received Import Request.
  Time since last request: 0.000049 seconds.
  path: Assets/Terrain Blending Starter Kit/Assets/Textures/Sand_dirt_basecolor_example.png
  artifactKey: Guid(1e885ebf55598b74a85a4122b8a1e4e0) Importer(815301076,1909f56bfc062723c751e8b465ee728b)
Start importing Assets/Terrain Blending Starter Kit/Assets/Textures/Sand_dirt_basecolor_example.png using Guid(1e885ebf55598b74a85a4122b8a1e4e0) Importer(815301076,1909f56bfc062723c751e8b465ee728b)  -> (artifact id: '819c1e44b6ce81708b2a789cff06e9d8') in 0.017990 seconds
Number of updated asset objects reloaded before import = 0
Number of asset objects unloaded after import = 2
========================================================================
Received Import Request.
  Time since last request: 0.000146 seconds.
  path: Assets/Terrain Blending Starter Kit/Assets/Textures/rock_pillar_ao.png
  artifactKey: Guid(57e209b80ca8f4a44b2fa75eb3be4c3a) Importer(815301076,1909f56bfc062723c751e8b465ee728b)
Start importing Assets/Terrain Blending Starter Kit/Assets/Textures/rock_pillar_ao.png using Guid(57e209b80ca8f4a44b2fa75eb3be4c3a) Importer(815301076,1909f56bfc062723c751e8b465ee728b)  -> (artifact id: 'ac4392d56f151ec7b5d4a928d4152331') in 0.009007 seconds
Number of updated asset objects reloaded before import = 0
Number of asset objects unloaded after import = 2
Editor requested this worker to shutdown with reason: Scaling down because of idle timeout
TcpMessagingSession - receive error: operation aborted. errorcode: 89, details: Operation aborted.
AssetImportWorker is now disconnected from the server
Process exiting
